<?xml version="1.0" encoding="UTF-8"?>
<testsuite xmlns:xsi="http://www.w3.org/2001/XMLSchema-instance" xsi:noNamespaceSchemaLocation="https://maven.apache.org/surefire/maven-surefire-plugin/xsd/surefire-test-report.xsd" name="br.com.dayanfcosta.revolut.moneytransfer.repository.impl.AccountRepositoryTest" time="3.842" tests="5" errors="0" skipped="1" failures="3">
  <properties>
[...]
</properties>
  <testcase name="testFindByNumber" classname="br.com.dayanfcosta.revolut.moneytransfer.repository.impl.AccountRepositoryTest" time="0.012"/>
  <testcase name="testFindAll" classname="br.com.dayanfcosta.revolut.moneytransfer.repository.impl.AccountRepositoryTest" time="0.022">
    <failure message="&#10;Expected size:&lt;0&gt; but was:&lt;1&gt; in:&#10;&lt;[Account{number=&apos;1234&apos;, currency=&apos;EUR&apos;}]&gt;" type="java.lang.AssertionError"><![CDATA[java.lang.AssertionError: 

Expected size:<0> but was:<1> in:
<[Account{number='1234', currency='EUR'}]>
	at br.com.dayanfcosta.revolut.moneytransfer.repository.impl.AccountRepositoryTest.testFindAll(AccountRepositoryTest.java:57)
]]></failure>
  </testcase>
  <testcase name="testSave" classname="br.com.dayanfcosta.revolut.moneytransfer.repository.impl.AccountRepositoryTest" time="0.002">
    <failure message="&#10;Expected size:&lt;0&gt; but was:&lt;1&gt; in:&#10;&lt;[Account{number=&apos;1234&apos;, currency=&apos;EUR&apos;}]&gt;" type="java.lang.AssertionError"><![CDATA[java.lang.AssertionError: 

Expected size:<0> but was:<1> in:
<[Account{number='1234', currency='EUR'}]>
	at br.com.dayanfcosta.revolut.moneytransfer.repository.impl.AccountRepositoryTest.testSave(AccountRepositoryTest.java:46)
]]></failure>
  </testcase>
  <testcase name="testFindById" classname="br.com.dayanfcosta.revolut.moneytransfer.repository.impl.AccountRepositoryTest" time="0.003">
    <failure message="&#10;Expecting an empty Optional but was containing value: &lt;Account{number=&apos;1234&apos;, currency=&apos;EUR&apos;}&gt;." type="java.lang.AssertionError"><![CDATA[java.lang.AssertionError: 

Expecting an empty Optional but was containing value: <Account{number='1234', currency='EUR'}>.
	at br.com.dayanfcosta.revolut.moneytransfer.repository.impl.AccountRepositoryTest.testFindById(AccountRepositoryTest.java:35)
]]></failure>
  </testcase>
  <testcase name="testUpdate" classname="br.com.dayanfcosta.revolut.moneytransfer.repository.impl.AccountRepositoryTest" time="0">
    <skipped message="void br.com.dayanfcosta.revolut.moneytransfer.repository.impl.AccountRepositoryTest.testUpdate() is @Disabled"/>
  </testcase>
</testsuite>